ERROR - 2026-06-03 05:27:12 --> Table 'bibliotheque.auteurs' doesn't exist
in SYSTEMPATH/Database/MySQLi/Connection.php on line 300.
 1 SYSTEMPATH/Database/MySQLi/Connection.php(300): mysqli->query()
 2 SYSTEMPATH/Database/BaseConnection.php(910): CodeIgniter\Database\MySQLi\Connection->execute()
 3 SYSTEMPATH/Database/BaseConnection.php(827): CodeIgniter\Database\BaseConnection->simpleQuery()
 4 SYSTEMPATH/Database/BaseBuilder.php(1733): CodeIgniter\Database\BaseConnection->query()
 5 SYSTEMPATH/Model.php(523): CodeIgniter\Database\BaseBuilder->countAllResults()
 6 SYSTEMPATH/BaseModel.php(1333): CodeIgniter\Model->countAllResults()
 7 APPPATH/Models/LivreModel.php(67): CodeIgniter\BaseModel->paginate()
 8 APPPATH/Controllers/LivreController.php(26): App\Models\LivreModel->getLivresWithStatus()
 9 SYSTEMPATH/CodeIgniter.php(951): App\Controllers\LivreController->index()
10 SYSTEMPATH/CodeIgniter.php(497): CodeIgniter\CodeIgniter->runController()
11 SYSTEMPATH/CodeIgniter.php(340): CodeIgniter\CodeIgniter->handleRequest()
12 SYSTEMPATH/Boot.php(417): CodeIgniter\CodeIgniter->run()
13 SYSTEMPATH/Boot.php(68): CodeIgniter\Boot::runCodeIgniter()
14 FCPATH/index.php(59): CodeIgniter\Boot::bootWeb()
15 SYSTEMPATH/rewrite.php(44): require_once('/home/itu/github_project/itu.S4.SI.codeIgniter.importCSV/public/index.php')
CRITICAL - 2026-06-03 05:27:12 --> CodeIgniter\Database\Exceptions\DatabaseException: Table 'bibliotheque.auteurs' doesn't exist
[Method: GET, Route: livres]
in SYSTEMPATH/Database/BaseConnection.php on line 865.
 1 SYSTEMPATH/Database/BaseBuilder.php(1733): CodeIgniter\Database\BaseConnection->query()
 2 SYSTEMPATH/Model.php(523): CodeIgniter\Database\BaseBuilder->countAllResults()
 3 SYSTEMPATH/BaseModel.php(1333): CodeIgniter\Model->countAllResults()
 4 APPPATH/Models/LivreModel.php(67): CodeIgniter\BaseModel->paginate()
 5 APPPATH/Controllers/LivreController.php(26): App\Models\LivreModel->getLivresWithStatus()
 6 SYSTEMPATH/CodeIgniter.php(951): App\Controllers\LivreController->index()
 7 SYSTEMPATH/CodeIgniter.php(497): CodeIgniter\CodeIgniter->runController()
 8 SYSTEMPATH/CodeIgniter.php(340): CodeIgniter\CodeIgniter->handleRequest()
 9 SYSTEMPATH/Boot.php(417): CodeIgniter\CodeIgniter->run()
10 SYSTEMPATH/Boot.php(68): CodeIgniter\Boot::runCodeIgniter()
11 FCPATH/index.php(59): CodeIgniter\Boot::bootWeb()
12 SYSTEMPATH/rewrite.php(44): require_once('/home/itu/github_project/itu.S4.SI.codeIgniter.importCSV/public/index.php')
CRITICAL - 2026-06-03 05:27:12 --> [Caused by] CodeIgniter\Database\Exceptions\DatabaseException: Table 'bibliotheque.auteurs' doesn't exist
in SYSTEMPATH/Database/MySQLi/Connection.php on line 310.
 1 SYSTEMPATH/Database/BaseConnection.php(910): CodeIgniter\Database\MySQLi\Connection->execute()
 2 SYSTEMPATH/Database/BaseConnection.php(827): CodeIgniter\Database\BaseConnection->simpleQuery()
 3 SYSTEMPATH/Database/BaseBuilder.php(1733): CodeIgniter\Database\BaseConnection->query()
 4 SYSTEMPATH/Model.php(523): CodeIgniter\Database\BaseBuilder->countAllResults()
 5 SYSTEMPATH/BaseModel.php(1333): CodeIgniter\Model->countAllResults()
 6 APPPATH/Models/LivreModel.php(67): CodeIgniter\BaseModel->paginate()
 7 APPPATH/Controllers/LivreController.php(26): App\Models\LivreModel->getLivresWithStatus()
 8 SYSTEMPATH/CodeIgniter.php(951): App\Controllers\LivreController->index()
 9 SYSTEMPATH/CodeIgniter.php(497): CodeIgniter\CodeIgniter->runController()
10 SYSTEMPATH/CodeIgniter.php(340): CodeIgniter\CodeIgniter->handleRequest()
11 SYSTEMPATH/Boot.php(417): CodeIgniter\CodeIgniter->run()
12 SYSTEMPATH/Boot.php(68): CodeIgniter\Boot::runCodeIgniter()
13 FCPATH/index.php(59): CodeIgniter\Boot::bootWeb()
14 SYSTEMPATH/rewrite.php(44): require_once('/home/itu/github_project/itu.S4.SI.codeIgniter.importCSV/public/index.php')
CRITICAL - 2026-06-03 05:27:12 --> [Caused by] mysqli_sql_exception: Table 'bibliotheque.auteurs' doesn't exist
in SYSTEMPATH/Database/MySQLi/Connection.php on line 300.
 1 SYSTEMPATH/Database/MySQLi/Connection.php(300): mysqli->query()
 2 SYSTEMPATH/Database/BaseConnection.php(910): CodeIgniter\Database\MySQLi\Connection->execute()
 3 SYSTEMPATH/Database/BaseConnection.php(827): CodeIgniter\Database\BaseConnection->simpleQuery()
 4 SYSTEMPATH/Database/BaseBuilder.php(1733): CodeIgniter\Database\BaseConnection->query()
 5 SYSTEMPATH/Model.php(523): CodeIgniter\Database\BaseBuilder->countAllResults()
 6 SYSTEMPATH/BaseModel.php(1333): CodeIgniter\Model->countAllResults()
 7 APPPATH/Models/LivreModel.php(67): CodeIgniter\BaseModel->paginate()
 8 APPPATH/Controllers/LivreController.php(26): App\Models\LivreModel->getLivresWithStatus()
 9 SYSTEMPATH/CodeIgniter.php(951): App\Controllers\LivreController->index()
10 SYSTEMPATH/CodeIgniter.php(497): CodeIgniter\CodeIgniter->runController()
11 SYSTEMPATH/CodeIgniter.php(340): CodeIgniter\CodeIgniter->handleRequest()
12 SYSTEMPATH/Boot.php(417): CodeIgniter\CodeIgniter->run()
13 SYSTEMPATH/Boot.php(68): CodeIgniter\Boot::runCodeIgniter()
14 FCPATH/index.php(59): CodeIgniter\Boot::bootWeb()
15 SYSTEMPATH/rewrite.php(44): require_once('/home/itu/github_project/itu.S4.SI.codeIgniter.importCSV/public/index.php')
ERROR - 2026-06-03 05:27:54 --> Table 'bibliotheque.auteurs' doesn't exist
in SYSTEMPATH/Database/MySQLi/Connection.php on line 300.
 1 SYSTEMPATH/Database/MySQLi/Connection.php(300): mysqli->query()
 2 SYSTEMPATH/Database/BaseConnection.php(910): CodeIgniter\Database\MySQLi\Connection->execute()
 3 SYSTEMPATH/Database/BaseConnection.php(827): CodeIgniter\Database\BaseConnection->simpleQuery()
 4 SYSTEMPATH/Database/BaseBuilder.php(1733): CodeIgniter\Database\BaseConnection->query()
 5 SYSTEMPATH/Model.php(523): CodeIgniter\Database\BaseBuilder->countAllResults()
 6 SYSTEMPATH/BaseModel.php(1333): CodeIgniter\Model->countAllResults()
 7 APPPATH/Models/LivreModel.php(67): CodeIgniter\BaseModel->paginate()
 8 APPPATH/Controllers/LivreController.php(26): App\Models\LivreModel->getLivresWithStatus()
 9 SYSTEMPATH/CodeIgniter.php(951): App\Controllers\LivreController->index()
10 SYSTEMPATH/CodeIgniter.php(497): CodeIgniter\CodeIgniter->runController()
11 SYSTEMPATH/CodeIgniter.php(340): CodeIgniter\CodeIgniter->handleRequest()
12 SYSTEMPATH/Boot.php(417): CodeIgniter\CodeIgniter->run()
13 SYSTEMPATH/Boot.php(68): CodeIgniter\Boot::runCodeIgniter()
14 FCPATH/index.php(59): CodeIgniter\Boot::bootWeb()
CRITICAL - 2026-06-03 05:27:54 --> CodeIgniter\Database\Exceptions\DatabaseException: Table 'bibliotheque.auteurs' doesn't exist
[Method: GET, Route: livres]
in SYSTEMPATH/Database/BaseConnection.php on line 865.
 1 SYSTEMPATH/Database/BaseBuilder.php(1733): CodeIgniter\Database\BaseConnection->query()
 2 SYSTEMPATH/Model.php(523): CodeIgniter\Database\BaseBuilder->countAllResults()
 3 SYSTEMPATH/BaseModel.php(1333): CodeIgniter\Model->countAllResults()
 4 APPPATH/Models/LivreModel.php(67): CodeIgniter\BaseModel->paginate()
 5 APPPATH/Controllers/LivreController.php(26): App\Models\LivreModel->getLivresWithStatus()
 6 SYSTEMPATH/CodeIgniter.php(951): App\Controllers\LivreController->index()
 7 SYSTEMPATH/CodeIgniter.php(497): CodeIgniter\CodeIgniter->runController()
 8 SYSTEMPATH/CodeIgniter.php(340): CodeIgniter\CodeIgniter->handleRequest()
 9 SYSTEMPATH/Boot.php(417): CodeIgniter\CodeIgniter->run()
10 SYSTEMPATH/Boot.php(68): CodeIgniter\Boot::runCodeIgniter()
11 FCPATH/index.php(59): CodeIgniter\Boot::bootWeb()
CRITICAL - 2026-06-03 05:27:54 --> [Caused by] CodeIgniter\Database\Exceptions\DatabaseException: Table 'bibliotheque.auteurs' doesn't exist
in SYSTEMPATH/Database/MySQLi/Connection.php on line 310.
 1 SYSTEMPATH/Database/BaseConnection.php(910): CodeIgniter\Database\MySQLi\Connection->execute()
 2 SYSTEMPATH/Database/BaseConnection.php(827): CodeIgniter\Database\BaseConnection->simpleQuery()
 3 SYSTEMPATH/Database/BaseBuilder.php(1733): CodeIgniter\Database\BaseConnection->query()
 4 SYSTEMPATH/Model.php(523): CodeIgniter\Database\BaseBuilder->countAllResults()
 5 SYSTEMPATH/BaseModel.php(1333): CodeIgniter\Model->countAllResults()
 6 APPPATH/Models/LivreModel.php(67): CodeIgniter\BaseModel->paginate()
 7 APPPATH/Controllers/LivreController.php(26): App\Models\LivreModel->getLivresWithStatus()
 8 SYSTEMPATH/CodeIgniter.php(951): App\Controllers\LivreController->index()
 9 SYSTEMPATH/CodeIgniter.php(497): CodeIgniter\CodeIgniter->runController()
10 SYSTEMPATH/CodeIgniter.php(340): CodeIgniter\CodeIgniter->handleRequest()
11 SYSTEMPATH/Boot.php(417): CodeIgniter\CodeIgniter->run()
12 SYSTEMPATH/Boot.php(68): CodeIgniter\Boot::runCodeIgniter()
13 FCPATH/index.php(59): CodeIgniter\Boot::bootWeb()
CRITICAL - 2026-06-03 05:27:54 --> [Caused by] mysqli_sql_exception: Table 'bibliotheque.auteurs' doesn't exist
in SYSTEMPATH/Database/MySQLi/Connection.php on line 300.
 1 SYSTEMPATH/Database/MySQLi/Connection.php(300): mysqli->query()
 2 SYSTEMPATH/Database/BaseConnection.php(910): CodeIgniter\Database\MySQLi\Connection->execute()
 3 SYSTEMPATH/Database/BaseConnection.php(827): CodeIgniter\Database\BaseConnection->simpleQuery()
 4 SYSTEMPATH/Database/BaseBuilder.php(1733): CodeIgniter\Database\BaseConnection->query()
 5 SYSTEMPATH/Model.php(523): CodeIgniter\Database\BaseBuilder->countAllResults()
 6 SYSTEMPATH/BaseModel.php(1333): CodeIgniter\Model->countAllResults()
 7 APPPATH/Models/LivreModel.php(67): CodeIgniter\BaseModel->paginate()
 8 APPPATH/Controllers/LivreController.php(26): App\Models\LivreModel->getLivresWithStatus()
 9 SYSTEMPATH/CodeIgniter.php(951): App\Controllers\LivreController->index()
10 SYSTEMPATH/CodeIgniter.php(497): CodeIgniter\CodeIgniter->runController()
11 SYSTEMPATH/CodeIgniter.php(340): CodeIgniter\CodeIgniter->handleRequest()
12 SYSTEMPATH/Boot.php(417): CodeIgniter\CodeIgniter->run()
13 SYSTEMPATH/Boot.php(68): CodeIgniter\Boot::runCodeIgniter()
14 FCPATH/index.php(59): CodeIgniter\Boot::bootWeb()
DEBUG - 2026-06-03 05:29:31 --> Session: Class initialized using 'CodeIgniter\Session\Handlers\FileHandler' driver.
DEBUG - 2026-06-03 05:29:47 --> Session: Class initialized using 'CodeIgniter\Session\Handlers\FileHandler' driver.
DEBUG - 2026-06-03 05:34:23 --> Session: Class initialized using 'CodeIgniter\Session\Handlers\FileHandler' driver.
DEBUG - 2026-06-03 05:34:30 --> Session: Class initialized using 'CodeIgniter\Session\Handlers\FileHandler' driver.
DEBUG - 2026-06-03 05:34:30 --> Session: Class initialized using 'CodeIgniter\Session\Handlers\FileHandler' driver.
DEBUG - 2026-06-03 05:34:33 --> Session: Class initialized using 'CodeIgniter\Session\Handlers\FileHandler' driver.
DEBUG - 2026-06-03 05:34:34 --> Session: Class initialized using 'CodeIgniter\Session\Handlers\FileHandler' driver.
DEBUG - 2026-06-03 05:34:34 --> Session: Class initialized using 'CodeIgniter\Session\Handlers\FileHandler' driver.
